<?xml version="1.0" encoding="UTF-8"?>
<testng-results ignored="1" total="2" passed="1" failed="0" skipped="0">
  <reporter-output>
  </reporter-output>
  <suite started-at="2021-10-17T16:36:33 IST" name="Default suite" finished-at="2021-10-17T16:36:33 IST" duration-ms="40">
    <groups>
    </groups>
    <test started-at="2021-10-17T16:36:33 IST" name="Default test" finished-at="2021-10-17T16:36:33 IST" duration-ms="40">
      <class name="StringPrograms.NoOfVowelsInAString">
        <test-method signature="NoOfVowelsIfSpace()[pri:0, instance:StringPrograms.NoOfVowelsInAString@6ca8564a]" started-at="2021-10-17T16:36:33 IST" name="NoOfVowelsIfSpace" finished-at="2021-10-17T16:36:33 IST" duration-ms="7" status="PASS">
          <reporter-output>
          </reporter-output>
        </test-method> <!-- NoOfVowelsIfSpace -->
      </class> <!-- StringPrograms.NoOfVowelsInAString -->
    </test> <!-- Default test -->
  </suite> <!-- Default suite -->
</testng-results>
