<?xml version="1.0" encoding="UTF-8"?>
<testng-results ignored="0" total="1" passed="1" failed="0" skipped="0">
  <reporter-output>
  </reporter-output>
  <suite started-at="2021-11-12T20:40:23 IST" name="Default suite" finished-at="2021-11-12T20:40:23 IST" duration-ms="40">
    <groups>
    </groups>
    <test started-at="2021-11-12T20:40:23 IST" name="Default test" finished-at="2021-11-12T20:40:23 IST" duration-ms="40">
      <class name="package1.FibonacciSeries">
        <test-method signature="fib()[pri:0, instance:package1.FibonacciSeries@635eaaf1]" started-at="2021-11-12T20:40:23 IST" name="fib" finished-at="2021-11-12T20:40:23 IST" duration-ms="9" status="PASS">
          <reporter-output>
          </reporter-output>
        </test-method> <!-- fib -->
      </class> <!-- package1.FibonacciSeries -->
    </test> <!-- Default test -->
  </suite> <!-- Default suite -->
</testng-results>
