<?xml version="1.0" encoding="UTF-8"?>
<testng-results ignored="0" total="1" passed="1" failed="0" skipped="0">
  <reporter-output>
  </reporter-output>
  <suite started-at="2021-11-14T12:39:35 IST" name="Default suite" finished-at="2021-11-14T12:39:45 IST" duration-ms="10833">
    <groups>
    </groups>
    <test started-at="2021-11-14T12:39:35 IST" name="Default test" finished-at="2021-11-14T12:39:45 IST" duration-ms="10833">
      <class name="stringJavaPrograms.NoOfVowelsInString">
        <test-method signature="NoOfVowels()[pri:0, instance:stringJavaPrograms.NoOfVowelsInString@5e82df6a]" started-at="2021-11-14T12:39:35 IST" name="NoOfVowels" finished-at="2021-11-14T12:39:45 IST" duration-ms="10811" status="PASS">
          <reporter-output>
          </reporter-output>
        </test-method> <!-- NoOfVowels -->
      </class> <!-- stringJavaPrograms.NoOfVowelsInString -->
    </test> <!-- Default test -->
  </suite> <!-- Default suite -->
</testng-results>
