<?xml version="1.0" encoding="UTF-8"?>
<!-- Generated by org.testng.reporters.JUnitXMLReporter -->
<testsuite ignored="1" hostname="LAPTOP-I7J4S3QJ" failures="0" tests="1" name="Default test" time="0.04" errors="0" timestamp="2021-10-17T16:36:33 IST">
  <testcase classname="StringPrograms.NoOfVowelsInAString" name="NoOfVowelsIfSpace" time="0.007"/>
  <testcase classname="StringPrograms.NoOfVowelsInAString" name="NoOfVowelsIfNoSpace" time="0.0">
    <ignored/>
  </testcase> <!-- NoOfVowelsIfNoSpace -->
</testsuite> <!-- Default test -->
